#
# There is insufficient memory for the Java Runtime Environment to continue.
# Native memory allocation (mmap) failed to map 266338304 bytes for G1 virtual space
# Possible reasons:
#   The system is out of physical RAM or swap space
#   The process is running with CompressedOops enabled, and the Java Heap may be blocking the growth of the native heap
# Possible solutions:
#   Reduce memory load on the system
#   Increase physical memory or swap space
#   Check if swap backing store is full
#   Decrease Java heap size (-Xmx/-Xms)
#   Decrease number of Java threads
#   Decrease Java thread stack sizes (-Xss)
#   Set larger code cache with -XX:ReservedCodeCacheSize=
#   JVM is running with Zero Based Compressed Oops mode in which the Java heap is
#     placed in the first 32GB address space. The Java Heap base address is the
#     maximum limit for the native heap growth. Please use -XX:HeapBaseMinAddress
#     to set the Java Heap base and to place the Java Heap above 32GB virtual address.
# This output file may be truncated or incomplete.
#
#  Out of Memory Error (os_windows.cpp:3532), pid=6488, tid=22260
#
# JRE version:  (17.0.2+8) (build )
# Java VM: Java HotSpot(TM) 64-Bit Server VM (17.0.2+8-LTS-86, mixed mode, sharing, tiered, compressed oops, compressed class ptrs, g1 gc, windows-amd64)
# No core dump will be written. Minidumps are not enabled by default on client versions of Windows
#

---------------  S U M M A R Y ------------

Command Line: -Dfile.encoding=GBK --module-path=E:\Mysql\mysql-connector-java-8.0.29.jar -XX:+ShowCodeDetailsInExceptionMessages Test.ManagerSystem

Host: Intel(R) Core(TM) i5-9300H CPU @ 2.40GHz, 8 cores, 15G,  Windows 10 , 64 bit Build 19041 (10.0.19041.1706)
Time: Wed May 18 11:53:53 2022  Windows 10 , 64 bit Build 19041 (10.0.19041.1706) elapsed time: 0.010900 seconds (0d 0h 0m 0s)

---------------  T H R E A D  ---------------

Current thread (0x000001cc2515cab0):  JavaThread "Unknown thread" [_thread_in_vm, id=22260, stack(0x0000009de3600000,0x0000009de3700000)]

Stack: [0x0000009de3600000,0x0000009de3700000]
Native frames: (J=compiled Java code, j=interpreted, Vv=VM code, C=native code)
V  [jvm.dll+0x670baa]
V  [jvm.dll+0x7cfcb4]
V  [jvm.dll+0x7d145e]
V  [jvm.dll+0x7d1ac3]
V  [jvm.dll+0x242bc5]
V  [jvm.dll+0x66dac9]
V  [jvm.dll+0x662412]
V  [jvm.dll+0x300c0b]
V  [jvm.dll+0x3081a6]
V  [jvm.dll+0x357d0e]
V  [jvm.dll+0x357f3f]
V  [jvm.dll+0x2d7ec8]
V  [jvm.dll+0x2d8e34]
V  [jvm.dll+0x7a18c1]
V  [jvm.dll+0x365a91]
V  [jvm.dll+0x780d2c]
V  [jvm.dll+0x3e845f]
V  [jvm.dll+0x3e9f01]
C  [jli.dll+0x527b]
C  [ucrtbase.dll+0x21bb2]
C  [KERNEL32.DLL+0x17034]
C  [ntdll.dll+0x52651]


---------------  P R O C E S S  ---------------

Threads class SMR info:
_java_thread_list=0x00007ffdaec89858, length=0, elements={
}

Java Threads: ( => current thread )

Other Threads:
  0x000001cc251addc0 GCTaskThread "GC Thread#0" [stack: 0x0000009de3700000,0x0000009de3800000] [id=19480]
  0x000001cc251c00d0 ConcurrentGCThread "G1 Main Marker" [stack: 0x0000009de3800000,0x0000009de3900000] [id=22268]
  0x000001cc251c09f0 ConcurrentGCThread "G1 Conc#0" [stack: 0x0000009de3900000,0x0000009de3a00000] [id=19728]

[error occurred during error reporting (printing all threads), id 0xc0000005, EXCEPTION_ACCESS_VIOLATION (0xc0000005) at pc=0x00007ffdae4d88a7]

VM state: not at safepoint (not fully initialized)

VM Mutex/Monitor currently owned by a thread:  ([mutex/lock_event])
[0x000001cc251591a0] Heap_lock - owner thread: 0x000001cc2515cab0

Heap address: 0x0000000702e00000, size: 4050 MB, Compressed Oops mode: Zero based, Oop shift amount: 3

CDS archive(s) mapped at: [0x0000000000000000-0x0000000000000000-0x0000000000000000), size 0, SharedBaseAddress: 0x0000000800000000, ArchiveRelocationMode: 0.
Narrow klass base: 0x0000000000000000, Narrow klass shift: 0, Narrow klass range: 0x0

GC Precious Log:
<Empty>

Heap:
 garbage-first heap   total 0K, used 0K [0x0000000702e00000, 0x0000000800000000)
  region size 2048K, 0 young (0K), 0 survivors (0K)

[error occurred during error reporting (printing heap information), id 0xc0000005, EXCEPTION_ACCESS_VIOLATION (0xc0000005) at pc=0x00007ffdae8b9f19]

GC Heap History (0 events):
No events

Deoptimization events (0 events):
No events

Classes unloaded (0 events):
No events

Classes redefined (0 events):
No events

Internal exceptions (0 events):
No events

VM Operations (0 events):
No events

Events (1 events):
Event: 0.006 Loaded shared library E:\Java\bin\java.dll


Dynamic libraries:
0x00007ff601760000 - 0x00007ff601770000 	E:\Java\bin\javaw.exe
0x00007ffe282d0000 - 0x00007ffe284c5000 	C:\WINDOWS\SYSTEM32\ntdll.dll
0x00007ffe27cf0000 - 0x00007ffe27dad000 	C:\WINDOWS\System32\KERNEL32.DLL
0x00007ffe259e0000 - 0x00007ffe25cad000 	C:\WINDOWS\System32\KERNELBASE.dll
0x00007ffe25e70000 - 0x00007ffe25f70000 	C:\WINDOWS\System32\ucrtbase.dll
0x00007ffe074c0000 - 0x00007ffe074d8000 	E:\Java\bin\jli.dll
0x00007ffdf9040000 - 0x00007ffdf905a000 	E:\Java\bin\VCRUNTIME140.dll
0x00007ffe26f30000 - 0x00007ffe26fde000 	C:\WINDOWS\System32\ADVAPI32.dll
0x00007ffe270a0000 - 0x00007ffe2713e000 	C:\WINDOWS\System32\msvcrt.dll
0x00007ffe27000000 - 0x00007ffe2709c000 	C:\WINDOWS\System32\sechost.dll
0x00007ffe26e00000 - 0x00007ffe26f25000 	C:\WINDOWS\System32\RPCRT4.dll
0x00007ffe26700000 - 0x00007ffe268a0000 	C:\WINDOWS\System32\USER32.dll
0x00007ffe25e40000 - 0x00007ffe25e62000 	C:\WINDOWS\System32\win32u.dll
0x00007ffe266d0000 - 0x00007ffe266fa000 	C:\WINDOWS\System32\GDI32.dll
0x00007ffe24df0000 - 0x00007ffe2508a000 	C:\WINDOWS\WinSxS\amd64_microsoft.windows.common-controls_6595b64144ccf1df_6.0.19041.1110_none_60b5254171f9507e\COMCTL32.dll
0x00007ffe26100000 - 0x00007ffe2620b000 	C:\WINDOWS\System32\gdi32full.dll
0x00007ffe26210000 - 0x00007ffe262ad000 	C:\WINDOWS\System32\msvcp_win.dll
0x00007ffe1d3a0000 - 0x00007ffe1d3aa000 	C:\WINDOWS\SYSTEM32\VERSION.dll
0x00007ffe265d0000 - 0x00007ffe26600000 	C:\WINDOWS\System32\IMM32.DLL
0x00007ffe0ccf0000 - 0x00007ffe0ccfc000 	E:\Java\bin\vcruntime140_1.dll
0x00007ffdd7ef0000 - 0x00007ffdd7f7d000 	E:\Java\bin\msvcp140.dll
0x00007ffdae1f0000 - 0x00007ffdaedb1000 	E:\Java\bin\server\jvm.dll
0x00007ffe26410000 - 0x00007ffe26418000 	C:\WINDOWS\System32\PSAPI.DLL
0x00007ffe1f360000 - 0x00007ffe1f369000 	C:\WINDOWS\SYSTEM32\WSOCK32.dll
0x00007ffe09340000 - 0x00007ffe09367000 	C:\WINDOWS\SYSTEM32\WINMM.dll
0x00007ffe26900000 - 0x00007ffe2696b000 	C:\WINDOWS\System32\WS2_32.dll
0x00007ffe23c20000 - 0x00007ffe23c32000 	C:\WINDOWS\SYSTEM32\kernel.appcore.dll
0x00007ffe23230000 - 0x00007ffe2323a000 	E:\Java\bin\jimage.dll
0x00007ffe25410000 - 0x00007ffe255f4000 	C:\WINDOWS\SYSTEM32\DBGHELP.DLL
0x00007ffe251c0000 - 0x00007ffe251ec000 	C:\WINDOWS\SYSTEM32\dbgcore.DLL
0x00007ffe25d00000 - 0x00007ffe25d82000 	C:\WINDOWS\System32\bcryptPrimitives.dll
0x00007ffde7210000 - 0x00007ffde7235000 	E:\Java\bin\java.dll

dbghelp: loaded successfully - version: 4.0.5 - missing functions: none
symbol engine: initialized successfully - sym options: 0x614 - pdb path: .;E:\Java\bin;C:\WINDOWS\SYSTEM32;C:\WINDOWS\WinSxS\amd64_microsoft.windows.common-controls_6595b64144ccf1df_6.0.19041.1110_none_60b5254171f9507e;E:\Java\bin\server

VM Arguments:
jvm_args: -Dfile.encoding=GBK --module-path=E:\Mysql\mysql-connector-java-8.0.29.jar -XX:+ShowCodeDetailsInExceptionMessages 
java_command: Test.ManagerSystem
java_class_path (initial): E:\Java\mysystem\src;C:\Users\chen\.p2\pool\plugins\org.junit.jupiter.api_5.7.1.v20210222-1948.jar;C:\Users\chen\.p2\pool\plugins\org.junit.jupiter.engine_5.7.1.v20210222-1948.jar;C:\Users\chen\.p2\pool\plugins\org.junit.jupiter.migrationsupport_5.7.1.v20210222-1948.jar;C:\Users\chen\.p2\pool\plugins\org.junit.jupiter.params_5.7.1.v20210222-1948.jar;C:\Users\chen\.p2\pool\plugins\org.junit.platform.commons_1.7.1.v20210222-1948.jar;C:\Users\chen\.p2\pool\plugins\org.junit.platform.engine_1.7.1.v20210222-1948.jar;C:\Users\chen\.p2\pool\plugins\org.junit.platform.launcher_1.7.1.v20210222-1948.jar;C:\Users\chen\.p2\pool\plugins\org.junit.platform.runner_1.7.1.v20210222-1948.jar;C:\Users\chen\.p2\pool\plugins\org.junit.platform.suite.api_1.7.1.v20210222-1948.jar;C:\Users\chen\.p2\pool\plugins\org.junit.vintage.engine_5.7.1.v20210222-1948.jar;C:\Users\chen\.p2\pool\plugins\org.opentest4j_1.2.0.v20190826-0900.jar;C:\Users\chen\.p2\pool\plugins\org.apiguardian_1.1.0.v20190826-0900.jar;C:\Users\chen\.p2\pool\plugins\org.junit_4.13.0.v20200204-1500.jar;C:\Users\chen\.p2\pool\plugins\org.hamcrest.core_1.3.0.v20180420-1519.jar
Launcher Type: SUN_STANDARD

[Global flags]
     intx CICompilerCount                          = 4                                         {product} {ergonomic}
     uint ConcGCThreads                            = 2                                         {product} {ergonomic}
     uint G1ConcRefinementThreads                  = 8                                         {product} {ergonomic}
   size_t G1HeapRegionSize                         = 2097152                                   {product} {ergonomic}
    uintx GCDrainStackTargetSize                   = 64                                        {product} {ergonomic}
   size_t InitialHeapSize                          = 266338304                                 {product} {ergonomic}
   size_t MarkStackSize                            = 4194304                                   {product} {ergonomic}
   size_t MaxHeapSize                              = 4246732800                                {product} {ergonomic}
   size_t MinHeapDeltaBytes                        = 2097152                                   {product} {ergonomic}
   size_t MinHeapSize                              = 8388608                                   {product} {ergonomic}
    uintx NonNMethodCodeHeapSize                   = 5839372                                {pd product} {ergonomic}
    uintx NonProfiledCodeHeapSize                  = 122909434                              {pd product} {ergonomic}
    uintx ProfiledCodeHeapSize                     = 122909434                              {pd product} {ergonomic}
    uintx ReservedCodeCacheSize                    = 251658240                              {pd product} {ergonomic}
     bool SegmentedCodeCache                       = true                                      {product} {ergonomic}
     bool ShowCodeDetailsInExceptionMessages       = true                                   {manageable} {command line}
   size_t SoftMaxHeapSize                          = 4246732800                             {manageable} {ergonomic}
     bool UseCompressedClassPointers               = true                           {product lp64_product} {ergonomic}
     bool UseCompressedOops                        = true                           {product lp64_product} {ergonomic}
     bool UseG1GC                                  = true                                      {product} {ergonomic}
     bool UseLargePagesIndividualAllocation        = false                                  {pd product} {ergonomic}

Logging:
Log output configuration:
 #0: stdout all=warning uptime,level,tags
 #1: stderr all=off uptime,level,tags

Environment Variables:
PATH=E:/Java/bin/server;E:/Java/bin;C:\Program Files\Common Files\Oracle\Java\javapath;C:\Program Files (x86)\Common Files\Oracle\Java\javapath;C:\windows\system32;C:\windows;C:\windows\System32\Wbem;C:\windows\System32\WindowsPowerShell\v1.0\;C:\windows\System32\OpenSSH\;C:\Program Files (x86)\NVIDIA Corporation\PhysX\Common;C:\Program Files\NVIDIA Corporation\NVIDIA NvDLISR;C:\WINDOWS\system32;C:\WINDOWS;C:\WINDOWS\System32\Wbem;C:\WINDOWS\System32\WindowsPowerShell\v1.0\;C:\WINDOWS\System32\OpenSSH\;D:\database2\110\DTS\Binn\;D:\database2\110\Tools\Binn\;D:\database2\110\Tools\Binn\ManagementStudio\;C:\Program Files (x86)\Microsoft Visual Studio 10.0\Common7\IDE\PrivateAssemblies\;D:\database1\150\Tools\Binn\;D:\database1\Client SDK\ODBC\170\Tools\Binn\;C:\Program Files\dotnet\;E:\Mysql\bin;E:\Java\bin;C:\Users\chen\AppData\Local\Microsoft\WindowsApps;E:\vscode\Microsoft VS Code\bin;?D:\–°–‹√®c++\Dev-Cpp\MinGW64\bin;E:\IDEA\IntelliJ IDEA 2021.3.2\bin;;E:\Java\bin;;C:\Users\chen\Desktop;
USERNAME=chen
OS=Windows_NT
PROCESSOR_IDENTIFIER=Intel64 Family 6 Model 158 Stepping 10, GenuineIntel



---------------  S Y S T E M  ---------------

OS:
 Windows 10 , 64 bit Build 19041 (10.0.19041.1706)
OS uptime: 0 days 15:54 hours

CPU: total 8 (initial active 8) (4 cores per cpu, 2 threads per core) family 6 model 158 stepping 10 microcode 0xd2, cx8, cmov, fxsr, ht, mmx, 3dnowpref, sse, sse2, sse3, ssse3, sse4.1, sse4.2, popcnt, lzcnt, tsc, tscinvbit, avx, avx2, aes, erms, clmul, bmi1, bmi2, adx, fma, vzeroupper, clflush, clflushopt

Memory: 4k page, system-wide physical 16192M (8440M free)
TotalPageFile size 28891M (AvailPageFile size 144M)
current process WorkingSet (physical memory assigned to process): 10M, peak: 10M
current process commit charge ("private bytes"): 60M, peak: 314M

vm_info: Java HotSpot(TM) 64-Bit Server VM (17.0.2+8-LTS-86) for windows-amd64 JRE (17.0.2+8-LTS-86), built on Dec  7 2021 21:51:03 by "mach5one" with MS VC++ 16.8 / 16.9 (VS2019)

END.
